2025-08-24T14:56:46:  ⚠ You are using a non-standard "NODE_ENV" value in your environment. This creates inconsistencies in the project and is strongly advised against. Read more: https://nextjs.org/docs/messages/non-standard-node-env
2025-08-24T14:56:53:  ⚠ You are using a non-standard "NODE_ENV" value in your environment. This creates inconsistencies in the project and is strongly advised against. Read more: https://nextjs.org/docs/messages/non-standard-node-env
2025-08-24T14:59:37:  ⚠ You are using a non-standard "NODE_ENV" value in your environment. This creates inconsistencies in the project and is strongly advised against. Read more: https://nextjs.org/docs/messages/non-standard-node-env
2025-08-24T14:59:43:  ⨯ Failed to start server
2025-08-24T14:59:43: Error: listen EADDRINUSE: address already in use :::4900
2025-08-24T14:59:43:     at Server.setupListenHandle [as _listen2] (node:net:1908:16)
2025-08-24T14:59:43:     at listenInCluster (node:net:1965:12)
2025-08-24T14:59:43:     at Server.listen (node:net:2067:7)
2025-08-24T14:59:43:     at /home/rsvshop/projects/rsvshop/node_modules/next/dist/server/lib/start-server.js:280:16
2025-08-24T14:59:43:     at new Promise (<anonymous>)
2025-08-24T14:59:43:     at startServer (/home/rsvshop/projects/rsvshop/node_modules/next/dist/server/lib/start-server.js:191:11)
2025-08-24T14:59:43:     at /home/rsvshop/projects/rsvshop/node_modules/next/dist/server/lib/start-server.js:310:52
2025-08-24T14:59:43:     at Span.traceAsyncFn (/home/rsvshop/projects/rsvshop/node_modules/next/dist/trace/trace.js:154:26)
2025-08-24T14:59:43:     at process.<anonymous> (/home/rsvshop/projects/rsvshop/node_modules/next/dist/server/lib/start-server.js:310:35)
2025-08-24T14:59:43:     at process.emit (node:events:524:28) {
2025-08-24T14:59:43:   code: 'EADDRINUSE',
2025-08-24T14:59:43:   errno: -98,
2025-08-24T14:59:43:   syscall: 'listen',
2025-08-24T14:59:43:   address: '::',
2025-08-24T14:59:43:   port: 4900
2025-08-24T14:59:43: }
2025-08-24T14:59:53:  ⚠ You are using a non-standard "NODE_ENV" value in your environment. This creates inconsistencies in the project and is strongly advised against. Read more: https://nextjs.org/docs/messages/non-standard-node-env
2025-08-24T15:00:01:  ⚠ You are using a non-standard "NODE_ENV" value in your environment. This creates inconsistencies in the project and is strongly advised against. Read more: https://nextjs.org/docs/messages/non-standard-node-env
2025-08-24T15:01:24:  ⚠ You are using a non-standard "NODE_ENV" value in your environment. This creates inconsistencies in the project and is strongly advised against. Read more: https://nextjs.org/docs/messages/non-standard-node-env
2025-08-24T15:01:40:  ⚠ You are using a non-standard "NODE_ENV" value in your environment. This creates inconsistencies in the project and is strongly advised against. Read more: https://nextjs.org/docs/messages/non-standard-node-env
2025-08-24T15:01:53:  ⚠ You are using a non-standard "NODE_ENV" value in your environment. This creates inconsistencies in the project and is strongly advised against. Read more: https://nextjs.org/docs/messages/non-standard-node-env
2025-08-24T15:01:59:  ⚠ You are using a non-standard "NODE_ENV" value in your environment. This creates inconsistencies in the project and is strongly advised against. Read more: https://nextjs.org/docs/messages/non-standard-node-env
2025-08-24T15:02:10:  ⚠ You are using a non-standard "NODE_ENV" value in your environment. This creates inconsistencies in the project and is strongly advised against. Read more: https://nextjs.org/docs/messages/non-standard-node-env
2025-08-24T15:02:17:  ⚠ You are using a non-standard "NODE_ENV" value in your environment. This creates inconsistencies in the project and is strongly advised against. Read more: https://nextjs.org/docs/messages/non-standard-node-env
2025-08-24T15:02:21:  ⚠ You are using a non-standard "NODE_ENV" value in your environment. This creates inconsistencies in the project and is strongly advised against. Read more: https://nextjs.org/docs/messages/non-standard-node-env
2025-08-24T15:02:27:  ⚠ You are using a non-standard "NODE_ENV" value in your environment. This creates inconsistencies in the project and is strongly advised against. Read more: https://nextjs.org/docs/messages/non-standard-node-env
2025-08-24T15:08:29:  ⚠ You are using a non-standard "NODE_ENV" value in your environment. This creates inconsistencies in the project and is strongly advised against. Read more: https://nextjs.org/docs/messages/non-standard-node-env
2025-08-24T15:08:31:  ⚠ You are using a non-standard "NODE_ENV" value in your environment. This creates inconsistencies in the project and is strongly advised against. Read more: https://nextjs.org/docs/messages/non-standard-node-env
2025-08-24T15:09:32:  ⚠ You are using a non-standard "NODE_ENV" value in your environment. This creates inconsistencies in the project and is strongly advised against. Read more: https://nextjs.org/docs/messages/non-standard-node-env
2025-08-24T15:09:41:  ⚠ You are using a non-standard "NODE_ENV" value in your environment. This creates inconsistencies in the project and is strongly advised against. Read more: https://nextjs.org/docs/messages/non-standard-node-env
2025-08-24T15:09:46:  ⚠ You are using a non-standard "NODE_ENV" value in your environment. This creates inconsistencies in the project and is strongly advised against. Read more: https://nextjs.org/docs/messages/non-standard-node-env
2025-08-24T15:09:51:  ⚠ You are using a non-standard "NODE_ENV" value in your environment. This creates inconsistencies in the project and is strongly advised against. Read more: https://nextjs.org/docs/messages/non-standard-node-env
2025-08-24T15:09:57:  ⚠ You are using a non-standard "NODE_ENV" value in your environment. This creates inconsistencies in the project and is strongly advised against. Read more: https://nextjs.org/docs/messages/non-standard-node-env
2025-08-24T15:10:54:  ⚠ You are using a non-standard "NODE_ENV" value in your environment. This creates inconsistencies in the project and is strongly advised against. Read more: https://nextjs.org/docs/messages/non-standard-node-env
2025-08-24T15:11:00:  ⚠ You are using a non-standard "NODE_ENV" value in your environment. This creates inconsistencies in the project and is strongly advised against. Read more: https://nextjs.org/docs/messages/non-standard-node-env
2025-08-24T15:11:05:  ⚠ You are using a non-standard "NODE_ENV" value in your environment. This creates inconsistencies in the project and is strongly advised against. Read more: https://nextjs.org/docs/messages/non-standard-node-env
2025-08-24T15:11:11:  ⚠ You are using a non-standard "NODE_ENV" value in your environment. This creates inconsistencies in the project and is strongly advised against. Read more: https://nextjs.org/docs/messages/non-standard-node-env
2025-08-24T15:18:23: npm error Missing script: "dev:pm2"
2025-08-24T15:18:23: npm error
2025-08-24T15:18:23: npm error To see a list of scripts, run:
2025-08-24T15:18:23: npm error   npm run
2025-08-24T15:18:23: npm error A complete log of this run can be found in: /home/rsvshop/.npm/_logs/2025-08-24T06_18_23_195Z-debug-0.log
2025-08-24T15:18:29: npm error Missing script: "dev:pm2"
2025-08-24T15:18:29: npm error
2025-08-24T15:18:29: npm error To see a list of scripts, run:
2025-08-24T15:18:29: npm error   npm run
2025-08-24T15:18:29: npm error A complete log of this run can be found in: /home/rsvshop/.npm/_logs/2025-08-24T06_18_28_762Z-debug-0.log
2025-08-24T15:18:34: npm error Missing script: "dev:pm2"
2025-08-24T15:18:34: npm error
2025-08-24T15:18:34: npm error To see a list of scripts, run:
2025-08-24T15:18:34: npm error   npm run
2025-08-24T15:18:34: npm error A complete log of this run can be found in: /home/rsvshop/.npm/_logs/2025-08-24T06_18_33_926Z-debug-0.log
2025-08-24T15:18:38: npm error Missing script: "dev:pm2"
2025-08-24T15:18:38: npm error
2025-08-24T15:18:38: npm error To see a list of scripts, run:
2025-08-24T15:18:38: npm error   npm run
2025-08-24T15:18:38: npm error A complete log of this run can be found in: /home/rsvshop/.npm/_logs/2025-08-24T06_18_38_382Z-debug-0.log
2025-08-24T15:18:43: npm error Missing script: "dev:pm2"
2025-08-24T15:18:43: npm error
2025-08-24T15:18:43: npm error To see a list of scripts, run:
2025-08-24T15:18:43: npm error   npm run
2025-08-24T15:18:43: npm error A complete log of this run can be found in: /home/rsvshop/.npm/_logs/2025-08-24T06_18_42_930Z-debug-0.log
2025-08-24T15:18:48: npm error Missing script: "dev:pm2"
2025-08-24T15:18:48: npm error
2025-08-24T15:18:48: npm error To see a list of scripts, run:
2025-08-24T15:18:48: npm error   npm run
2025-08-24T15:18:48: npm error A complete log of this run can be found in: /home/rsvshop/.npm/_logs/2025-08-24T06_18_47_983Z-debug-0.log
2025-08-24T15:18:53: npm error Missing script: "dev:pm2"
2025-08-24T15:18:53: npm error
2025-08-24T15:18:53: npm error To see a list of scripts, run:
2025-08-24T15:18:53: npm error   npm run
2025-08-24T15:18:53: npm error A complete log of this run can be found in: /home/rsvshop/.npm/_logs/2025-08-24T06_18_53_437Z-debug-0.log
2025-08-24T15:18:59: npm error Missing script: "dev:pm2"
2025-08-24T15:18:59: npm error
2025-08-24T15:18:59: npm error To see a list of scripts, run:
2025-08-24T15:18:59: npm error   npm run
2025-08-24T15:18:59: npm error A complete log of this run can be found in: /home/rsvshop/.npm/_logs/2025-08-24T06_18_59_568Z-debug-0.log
2025-08-24T15:19:06: npm error Missing script: "dev:pm2"
2025-08-24T15:19:06: npm error
2025-08-24T15:19:06: npm error To see a list of scripts, run:
2025-08-24T15:19:06: npm error   npm run
2025-08-24T15:19:06: npm error A complete log of this run can be found in: /home/rsvshop/.npm/_logs/2025-08-24T06_19_06_400Z-debug-0.log
2025-08-24T15:19:12: npm error Missing script: "dev:pm2"
2025-08-24T15:19:12: npm error
2025-08-24T15:19:12: npm error To see a list of scripts, run:
2025-08-24T15:19:12: npm error   npm run
2025-08-24T15:19:12: npm error A complete log of this run can be found in: /home/rsvshop/.npm/_logs/2025-08-24T06_19_11_873Z-debug-0.log
